<?xml version="1.0" encoding="UTF-8"?>
<coverage generated="1621399132218" clover="3.2.0">
  <project timestamp="1621399132218" name="All files">
    <metrics statements="19" coveredstatements="16" conditionals="9" coveredconditionals="5" methods="7" coveredmethods="7" elements="35" coveredelements="28" complexity="0" loc="19" ncloc="19" packages="1" files="1" classes="1"/>
    <file name="ListItems.vue" path="D:\Arquivos\rick-and-morty-graphql\src\components\ListItems.vue">
      <metrics statements="19" coveredstatements="16" conditionals="9" coveredconditionals="5" methods="7" coveredmethods="7"/>
      <line num="108" count="7" type="stmt"/>
      <line num="117" count="8" type="stmt"/>
      <line num="118" count="8" type="stmt"/>
      <line num="119" count="8" type="stmt"/>
      <line num="120" count="1" type="cond" truecount="1" falsecount="1"/>
      <line num="121" count="1" type="stmt"/>
      <line num="123" count="0" type="cond" truecount="0" falsecount="2"/>
      <line num="124" count="0" type="stmt"/>
      <line num="126" count="0" type="stmt"/>
      <line num="133" count="2" type="stmt"/>
      <line num="137" count="2" type="stmt"/>
      <line num="140" count="2" type="stmt"/>
      <line num="141" count="2" type="stmt"/>
      <line num="143" count="2" type="stmt"/>
      <line num="144" count="1" type="stmt"/>
      <line num="145" count="1" type="cond" truecount="4" falsecount="1"/>
      <line num="146" count="1" type="stmt"/>
      <line num="147" count="1" type="stmt"/>
      <line num="153" count="1" type="stmt"/>
    </file>
  </project>
</coverage>
