{"D:\\Arquivos\\rick-and-morty-graphql\\src\\components\\ListItems.vue": {"path":"D:\\Arquivos\\rick-and-morty-graphql\\src\\components\\ListItems.vue","statementMap":{"0":{"start":{"line":108,"column":0},"end":{"line":108,"column":null}},"1":{"start":{"line":117,"column":0},"end":{"line":117,"column":null}},"2":{"start":{"line":118,"column":0},"end":{"line":118,"column":null}},"3":{"start":{"line":119,"column":0},"end":{"line":127,"column":null}},"4":{"start":{"line":120,"column":0},"end":{"line":122,"column":null}},"5":{"start":{"line":121,"column":0},"end":{"line":121,"column":null}},"6":{"start":{"line":123,"column":0},"end":{"line":125,"column":null}},"7":{"start":{"line":124,"column":0},"end":{"line":124,"column":null}},"8":{"start":{"line":126,"column":0},"end":{"line":126,"column":null}},"9":{"start":{"line":133,"column":0},"end":{"line":133,"column":null}},"10":{"start":{"line":137,"column":0},"end":{"line":137,"column":null}},"11":{"start":{"line":140,"column":0},"end":{"line":140,"column":null}},"12":{"start":{"line":141,"column":0},"end":{"line":141,"column":null}},"13":{"start":{"line":143,"column":0},"end":{"line":149,"column":null}},"14":{"start":{"line":144,"column":0},"end":{"line":144,"column":null}},"15":{"start":{"line":145,"column":0},"end":{"line":148,"column":null}},"16":{"start":{"line":146,"column":0},"end":{"line":146,"column":null}},"17":{"start":{"line":147,"column":0},"end":{"line":147,"column":null}},"18":{"start":{"line":153,"column":0},"end":{"line":153,"column":null}}},"fnMap":{"0":{"name":"data","decl":{"start":{"line":108,"column":0},"end":{"line":108,"column":null}},"loc":{"start":{"line":108,"column":0},"end":{"line":108,"column":null}}},"1":{"name":"orderedResults","decl":{"start":{"line":117,"column":0},"end":{"line":117,"column":null}},"loc":{"start":{"line":117,"column":0},"end":{"line":128,"column":null}}},"2":{"name":"(anonymous_6)","decl":{"start":{"line":119,"column":0},"end":{"line":119,"column":null}},"loc":{"start":{"line":119,"column":0},"end":{"line":127,"column":null}}},"3":{"name":"doNewSearch","decl":{"start":{"line":132,"column":0},"end":{"line":132,"column":null}},"loc":{"start":{"line":132,"column":0},"end":{"line":138,"column":null}}},"4":{"name":"searchText","decl":{"start":{"line":140,"column":0},"end":{"line":140,"column":null}},"loc":{"start":{"line":140,"column":0},"end":{"line":150,"column":null}}},"5":{"name":"(anonymous_9)","decl":{"start":{"line":143,"column":0},"end":{"line":143,"column":null}},"loc":{"start":{"line":143,"column":0},"end":{"line":149,"column":null}}},"6":{"name":"changePage","decl":{"start":{"line":152,"column":0},"end":{"line":152,"column":null}},"loc":{"start":{"line":152,"column":0},"end":{"line":154,"column":null}}}},"branchMap":{"0":{"loc":{"start":{"line":120,"column":0},"end":{"line":122,"column":null}},"type":"if","locations":[{"start":{"line":120,"column":0},"end":{"line":122,"column":null}},{"start":{"line":120,"column":0},"end":{"line":122,"column":null}}]},"1":{"loc":{"start":{"line":123,"column":0},"end":{"line":125,"column":null}},"type":"if","locations":[{"start":{"line":123,"column":0},"end":{"line":125,"column":null}},{"start":{"line":123,"column":0},"end":{"line":125,"column":null}}]},"2":{"loc":{"start":{"line":145,"column":0},"end":{"line":148,"column":null}},"type":"if","locations":[{"start":{"line":145,"column":0},"end":{"line":148,"column":null}},{"start":{"line":145,"column":0},"end":{"line":148,"column":null}}]},"3":{"loc":{"start":{"line":145,"column":0},"end":{"line":145,"column":null}},"type":"binary-expr","locations":[{"start":{"line":145,"column":0},"end":{"line":145,"column":null}},{"start":{"line":145,"column":0},"end":{"line":145,"column":null}},{"start":{"line":145,"column":0},"end":{"line":145,"column":null}}]}},"s":{"0":7,"1":8,"2":8,"3":8,"4":1,"5":1,"6":0,"7":0,"8":0,"9":2,"10":2,"11":2,"12":2,"13":2,"14":1,"15":1,"16":1,"17":1,"18":1},"f":{"0":7,"1":8,"2":1,"3":2,"4":2,"5":1,"6":1},"b":{"0":[1,0],"1":[0,0],"2":[1,0],"3":[1,1,1]}}
}
