TN:
SF:D:\Arquivos\rick-and-morty-graphql\src\components\ListItems.vue
FN:108,data
FN:117,orderedResults
FN:119,(anonymous_6)
FN:132,doNewSearch
FN:140,searchText
FN:143,(anonymous_9)
FN:152,changePage
FNF:7
FNH:7
FNDA:7,data
FNDA:8,orderedResults
FNDA:1,(anonymous_6)
FNDA:2,doNewSearch
FNDA:2,searchText
FNDA:1,(anonymous_9)
FNDA:1,changePage
DA:108,7
DA:117,8
DA:118,8
DA:119,8
DA:120,1
DA:121,1
DA:123,0
DA:124,0
DA:126,0
DA:133,2
DA:137,2
DA:140,2
DA:141,2
DA:143,2
DA:144,1
DA:145,1
DA:146,1
DA:147,1
DA:153,1
LF:19
LH:16
BRDA:120,0,0,1
BRDA:120,0,1,0
BRDA:123,1,0,0
BRDA:123,1,1,0
BRDA:145,2,0,1
BRDA:145,2,1,0
BRDA:145,3,0,1
BRDA:145,3,1,1
BRDA:145,3,2,1
BRF:9
BRH:5
end_of_record
